<?xml version="1.0" encoding="UTF-8"?>
<!-- Generated by org.testng.reporters.JUnitReportReporter -->
<testsuite hostname="DESKTOP-2VN6A15" failures="0" tests="1" name="com.testcases.LoginTestcase" time="14.446" errors="0" timestamp="2021-09-30T13:11:31 IST" skipped="0">
  <testcase classname="com.testcases.LoginTestcase" name="login" time="14.446"/>
  <system-out/>
</testsuite> <!-- com.testcases.LoginTestcase -->
